networkNode: 28 edgeNum: 45 cosumerNode: 12
costPerCDN: 100
======Output=======
3->31 flow: 45
22->30 flow: 28
22->24->39 flow: 11
0->16->34 flow: 8
0->8->28 flow: 36
0->7->38 flow: 10
3->19->33 flow: 24
3->24->39 flow: 12
0->9->11->29 flow: 13
0->6->5->36 flow: 13
0->1->19->33 flow: 2
0->1->16->34 flow: 7
0->2->25->37 flow: 15
0->1->18->17->32 flow: 11
0->2->4->5->36 flow: 1
3->1->15->13->35 flow: 11
3->2->4->5->36 flow: 4
3->2->1->15->13->35 flow: 2
22->21->8->28 flow: 4
Flow :257/257 Cost: 783
